\BOOKMARK [0][-]{chapter.1}{Introduction}{}% 1
\BOOKMARK [1][-]{section.1.1}{Kitty Wonderland}{chapter.1}% 2
\BOOKMARK [1][-]{section.1.2}{Organisation}{chapter.1}% 3
\BOOKMARK [1][-]{section.1.3}{Les \351tapes }{chapter.1}% 4
\BOOKMARK [0][-]{chapter.2}{Base version}{}% 5
\BOOKMARK [1][-]{section.2.1}{Probl\351matiques}{chapter.2}% 6
\BOOKMARK [2][-]{subsection.2.1.1}{Le jeu}{section.2.1}% 7
\BOOKMARK [2][-]{subsection.2.1.2}{Les imp\351ratifs}{section.2.1}% 8
\BOOKMARK [1][-]{section.2.2}{Choix d'impl\351mentation}{chapter.2}% 9
\BOOKMARK [2][-]{subsection.2.2.1}{Mod\351lisation}{section.2.2}% 10
\BOOKMARK [2][-]{subsection.2.2.2}{Le d\351coupage des fichiers}{section.2.2}% 11
\BOOKMARK [2][-]{subsection.2.2.3}{Les fonctions du plateau de jeu}{section.2.2}% 12
\BOOKMARK [2][-]{subsection.2.2.4}{Les fonctions des cartes}{section.2.2}% 13
\BOOKMARK [0][-]{chapter.3}{Achievement 1}{}% 14
\BOOKMARK [1][-]{section.3.1}{Probl\351matique}{chapter.3}% 15
\BOOKMARK [1][-]{section.3.2}{Choix d'impl\351mentation}{chapter.3}% 16
\BOOKMARK [2][-]{subsection.3.2.1}{Adaptation des fichiers}{section.3.2}% 17
\BOOKMARK [2][-]{subsection.3.2.2}{Mod\351lisation}{section.3.2}% 18
\BOOKMARK [2][-]{subsection.3.2.3}{Les fonctions du deck}{section.3.2}% 19
\BOOKMARK [0][-]{chapter.4}{Les fonctions Test}{}% 20
\BOOKMARK [1][-]{section.4.1}{Difficult\351s et \351volution}{chapter.4}% 21
\BOOKMARK [1][-]{section.4.2}{Impl\351mentation}{chapter.4}% 22
\BOOKMARK [2][-]{subsection.4.2.1}{D\351coupage des fichiers}{section.4.2}% 23
\BOOKMARK [2][-]{subsection.4.2.2}{Fonctions}{section.4.2}% 24
\BOOKMARK [0][-]{chapter.5}{Conclusion}{}% 25
